#! /usr/bin/vvp
:ivl_version "10.3 (stable)";
:ivl_delay_selection "TYPICAL";
:vpi_time_precision + 0;
:vpi_module "system";
:vpi_module "vhdl_sys";
:vpi_module "v2005_math";
:vpi_module "va_math";
S_0x55ad6fed4130 .scope module, "binary_counter_4_par_load" "binary_counter_4_par_load" 2 3;
 .timescale 0 0;
    .port_info 0 /OUTPUT 4 "A_count"
    .port_info 1 /OUTPUT 1 "C_out"
    .port_info 2 /INPUT 4 "data_in"
    .port_info 3 /INPUT 1 "count"
    .port_info 4 /INPUT 1 "load"
    .port_info 5 /INPUT 1 "clk"
    .port_info 6 /INPUT 1 "clear_b"
o0x7fb25f9321f8 .functor BUFZ 1, C4<z>; HiZ drive
L_0x55ad6ff1a330 .functor NOT 1, o0x7fb25f9321f8, C4<0>, C4<0>, C4<0>;
o0x7fb25f932198 .functor BUFZ 1, C4<z>; HiZ drive
L_0x55ad6ff1a3f0 .functor AND 1, o0x7fb25f932198, L_0x55ad6ff1a330, C4<1>, C4<1>;
L_0x55ad6ff1a610 .functor AND 1, L_0x55ad6ff1a3f0, L_0x55ad6ff1a4c0, C4<1>, C4<1>;
v0x55ad6fed4380_0 .var "A_count", 3 0;
v0x55ad6ff19a40_0 .net "C_out", 0 0, L_0x55ad6ff1a610;  1 drivers
v0x55ad6ff19b00_0 .net *"_s0", 0 0, L_0x55ad6ff1a330;  1 drivers
v0x55ad6ff19bc0_0 .net *"_s2", 0 0, L_0x55ad6ff1a3f0;  1 drivers
L_0x7fb25f8e9018 .functor BUFT 1, C4<1111>, C4<0>, C4<0>, C4<0>;
v0x55ad6ff19c80_0 .net/2u *"_s4", 3 0, L_0x7fb25f8e9018;  1 drivers
v0x55ad6ff19db0_0 .net *"_s6", 0 0, L_0x55ad6ff1a4c0;  1 drivers
o0x7fb25f932138 .functor BUFZ 1, C4<z>; HiZ drive
v0x55ad6ff19e70_0 .net "clear_b", 0 0, o0x7fb25f932138;  0 drivers
o0x7fb25f932168 .functor BUFZ 1, C4<z>; HiZ drive
v0x55ad6ff19f30_0 .net "clk", 0 0, o0x7fb25f932168;  0 drivers
v0x55ad6ff19ff0_0 .net "count", 0 0, o0x7fb25f932198;  0 drivers
o0x7fb25f9321c8 .functor BUFZ 4, C4<zzzz>; HiZ drive
v0x55ad6ff1a0b0_0 .net "data_in", 3 0, o0x7fb25f9321c8;  0 drivers
v0x55ad6ff1a190_0 .net "load", 0 0, o0x7fb25f9321f8;  0 drivers
E_0x55ad6ff096f0/0 .event negedge, v0x55ad6ff19e70_0;
E_0x55ad6ff096f0/1 .event posedge, v0x55ad6ff19f30_0;
E_0x55ad6ff096f0 .event/or E_0x55ad6ff096f0/0, E_0x55ad6ff096f0/1;
L_0x55ad6ff1a4c0 .cmp/eq 4, v0x55ad6fed4380_0, L_0x7fb25f8e9018;
    .scope S_0x55ad6fed4130;
T_0 ;
    %wait E_0x55ad6ff096f0;
    %load/vec4 v0x55ad6ff19e70_0;
    %nor/r;
    %flag_set/vec4 8;
    %jmp/0xz  T_0.0, 8;
    %pushi/vec4 0, 0, 4;
    %assign/vec4 v0x55ad6fed4380_0, 0;
    %jmp T_0.1;
T_0.0 ;
    %load/vec4 v0x55ad6ff1a190_0;
    %flag_set/vec4 8;
    %jmp/0xz  T_0.2, 8;
    %load/vec4 v0x55ad6ff1a0b0_0;
    %assign/vec4 v0x55ad6fed4380_0, 0;
    %jmp T_0.3;
T_0.2 ;
    %load/vec4 v0x55ad6ff19ff0_0;
    %flag_set/vec4 8;
    %jmp/0xz  T_0.4, 8;
    %load/vec4 v0x55ad6fed4380_0;
    %addi 1, 0, 4;
    %assign/vec4 v0x55ad6fed4380_0, 0;
    %jmp T_0.5;
T_0.4 ;
    %load/vec4 v0x55ad6fed4380_0;
    %assign/vec4 v0x55ad6fed4380_0, 0;
T_0.5 ;
T_0.3 ;
T_0.1 ;
    %jmp T_0;
    .thread T_0;
# The file index is used to find the file name in the following table.
:file_names 3;
    "N/A";
    "<interactive>";
    "binary_counter_4_par_load.v";
